#
# A fatal error has been detected by the Java Runtime Environment:
#
#  EXCEPTION_ACCESS_VIOLATION (0xc0000005) at pc=0x00007ffb7d51d8e8, pid=9872, tid=17016
#
# JRE version: OpenJDK Runtime Environment AdoptOpenJDK (11.0.8+10) (build 11.0.8+10)
# Java VM: OpenJDK 64-Bit Server VM AdoptOpenJDK (11.0.8+10, mixed mode, tiered, compressed oops, g1 gc, windows-amd64)
# Problematic frame:
# V  [jvm.dll+0x1ad8e8]
#
# No core dump will be written. Minidumps are not enabled by default on client versions of Windows
#
# If you would like to submit a bug report, please visit:
#   https://github.com/AdoptOpenJDK/openjdk-support/issues
#

---------------  S U M M A R Y ------------

Command Line: -ea -Didea.test.cyclic.buffer.size=1048576 -javaagent:C:\Users\31683\Desktop\Intellij\IntelliJ IDEA 2020.2.2\lib\idea_rt.jar=1032:C:\Users\31683\Desktop\Intellij\IntelliJ IDEA 2020.2.2\bin -Dfile.encoding=UTF-8 com.intellij.rt.junit.JUnitStarter -ideVersion5 -junit5 io.swagger.controller.AccountApiControllerTest

Host: Intel(R) Core(TM) i7-9750H CPU @ 2.60GHz, 12 cores, 15G,  Windows 10 , 64 bit Build 19041 (10.0.19041.1023)
Time: Fri Jun 25 16:57:46 2021 W. Europe Summer Time elapsed time: 5 seconds (0d 0h 0m 5s)

---------------  T H R E A D  ---------------

Current thread (0x000001ad8f104000):  JavaThread "C2 CompilerThread2" daemon [_thread_in_vm, id=17016, stack(0x0000005832900000,0x0000005832a00000)]


Current CompileTask:
C2:   5534 4336   !   4       jdk.internal.loader.URLClassPath$JarLoader::getResource (353 bytes)

Stack: [0x0000005832900000,0x0000005832a00000],  sp=0x00000058329fed00,  free space=1019k
Native frames: (J=compiled Java code, j=interpreted, Vv=VM code, C=native code)
V  [jvm.dll+0x1ad8e8]
V  [jvm.dll+0x1993bd]
V  [jvm.dll+0x209017]
V  [jvm.dll+0x20710b]
V  [jvm.dll+0x6dc339]
V  [jvm.dll+0x6d53e4]
V  [jvm.dll+0x5de996]
C  [ucrtbase.dll+0x21bb2]
C  [KERNEL32.DLL+0x17034]
C  [ntdll.dll+0x52651]


siginfo: EXCEPTION_ACCESS_VIOLATION (0xc0000005), reading address 0x000001ad8777a4c0


Register to memory mapping:

RIP=0x00007ffb7d51d8e8 jvm.dll
RAX=0x000001ad927b8e40 points into unknown readable memory: f0 a3 77 8f ad 01 00 00
RBX=0x0000000000000001 is an unknown value
RCX=0x000001ad8777a4b0 is an unknown value
RDX=0x000001ad8f104000 is a thread
RSP=0x00000058329fed00 is pointing into the stack for thread: 0x000001ad8f104000
RBP=0x00000058329fee60 is pointing into the stack for thread: 0x000001ad8f104000
RSI=0x000001ad8f14b9d0 points into unknown readable memory: 28 ef 9f 32 58 00 00 00
RDI=0x0000000000000008 is an unknown value
R8 =0x0000000000000083 is an unknown value
R9 =0x000000007ffef000 points into unknown readable memory: 01 00 00 00 00 00 00 00
R10=0x0000000000000001 is an unknown value
R11=0x0000004d5a8c829b is an unknown value
R12=0x0 is NULL
R13=0x0 is NULL
R14=0x000001adea735580 points into unknown readable memory: f0 af 74 ea ad 01 00 00
R15=0x000001ad8f77a410 points into unknown readable memory: 60 8b b6 7d fb 7f 00 00


Registers:
RAX=0x000001ad927b8e40, RBX=0x0000000000000001, RCX=0x000001ad8777a4b0, RDX=0x000001ad8f104000
RSP=0x00000058329fed00, RBP=0x00000058329fee60, RSI=0x000001ad8f14b9d0, RDI=0x0000000000000008
R8 =0x0000000000000083, R9 =0x000000007ffef000, R10=0x0000000000000001, R11=0x0000004d5a8c829b
R12=0x0000000000000000, R13=0x0000000000000000, R14=0x000001adea735580, R15=0x000001ad8f77a410
RIP=0x00007ffb7d51d8e8, EFLAGS=0x0000000000010297

Top of Stack: (sp=0x00000058329fed00)
0x00000058329fed00:   0000000000000000 00007ffb7da573b7
0x00000058329fed10:   00007ffb7db78348 00000000000010f0
0x00000058329fed20:   00000058329fef20 00007ffb7d5093bd
0x00000058329fed30:   000001ad8f104000 000001ad8f104000
0x00000058329fed40:   0000000000000000 000001ad8f77a410
0x00000058329fed50:   0000000000000000 00007ffb7d579017
0x00000058329fed60:   000001ad8f104000 0000000000000000
0x00000058329fed70:   000001ad8f104000 000001ad8f104000
0x00000058329fed80:   000001ad00000000 0000000000000000
0x00000058329fed90:   00000004ffffffff 00000000902cd900
0x00000058329feda0:   000001ad8f104000 000001adff6f6230
0x00000058329fedb0:   000001ad902cdd68 000001ad000021cb
0x00000058329fedc0:   000001adff6f5900 00000000000010f0
0x00000058329fedd0:   000001ad908ae558 000001adff7e8740
0x00000058329fede0:   000001adff7e8740 000001ad8f104000
0x00000058329fedf0:   000001ad90ca9a40 000001adffba0a70 

Instructions: (pc=0x00007ffb7d51d8e8)
0x00007ffb7d51d7e8:   bd 83 00 01 e8 5f bb fe ff 48 8d 4c 24 20 e8 05
0x00007ffb7d51d7f8:   28 18 00 48 81 c4 40 01 00 00 5b c3 cc cc cc cc
0x00007ffb7d51d808:   cc cc cc cc cc cc cc cc 48 85 c9 74 2e 80 3d 65
0x00007ffb7d51d818:   17 84 00 00 74 15 8b 41 08 8b 0d f1 91 7f 00 48
0x00007ffb7d51d828:   d3 e0 48 03 05 df 91 7f 00 eb 04 48 8b 41 08 48
0x00007ffb7d51d838:   3b 05 3a ed 85 00 75 03 b0 01 c3 32 c0 c3 cc cc
0x00007ffb7d51d848:   cc cc cc cc cc cc cc cc 48 89 6c 24 18 56 48 83
0x00007ffb7d51d858:   ec 20 48 8b 41 08 48 8b ea 48 8b f1 48 85 c0 74
0x00007ffb7d51d868:   3d 48 89 5c 24 30 33 db 39 18 7e 2d 48 89 7c 24
0x00007ffb7d51d878:   38 8b fb 0f 1f 44 00 00 48 8b 40 18 48 8b 0c 38
0x00007ffb7d51d888:   48 8b 49 10 ff d5 48 8b 46 08 48 8d 7f 08 ff c3
0x00007ffb7d51d898:   3b 18 7c e4 48 8b 7c 24 38 48 8b 5c 24 30 48 8b
0x00007ffb7d51d8a8:   6c 24 40 48 83 c4 20 5e c3 cc cc cc cc cc cc cc
0x00007ffb7d51d8b8:   cc cc cc cc cc cc cc cc 48 89 5c 24 10 56 48 83
0x00007ffb7d51d8c8:   ec 20 48 8b 41 30 33 db 48 8b f1 39 18 7e 2d 48
0x00007ffb7d51d8d8:   89 7c 24 30 8b fb 66 90 48 8b 40 18 48 8b 0c 38
0x00007ffb7d51d8e8:   48 8b 49 10 e8 5f 95 4f 00 48 8b 46 30 48 8d 7f
0x00007ffb7d51d8f8:   08 ff c3 3b 18 7c e1 48 8b 7c 24 30 48 8b 5c 24
0x00007ffb7d51d908:   38 48 83 c4 20 5e c3 cc 48 8d 05 f1 c8 64 00 c3
0x00007ffb7d51d918:   cc cc cc cc cc cc cc cc 48 8d 05 79 c9 64 00 c3
0x00007ffb7d51d928:   cc cc cc cc cc cc cc cc 48 8d 05 31 c8 64 00 c3
0x00007ffb7d51d938:   cc cc cc cc cc cc cc cc 48 8d 05 19 cb 64 00 c3
0x00007ffb7d51d948:   cc cc cc cc cc cc cc cc 48 8d 05 a9 cb 64 00 c3
0x00007ffb7d51d958:   cc cc cc cc cc cc cc cc 48 63 c1 48 8d 0d a6 bb
0x00007ffb7d51d968:   83 00 48 8b 04 c1 c3 cc 4c 89 44 24 18 53 55 56
0x00007ffb7d51d978:   57 41 54 41 55 41 56 41 57 48 83 ec 78 44 8b 15
0x00007ffb7d51d988:   e0 d8 87 00 4c 8b f1 65 48 8b 04 25 58 00 00 00
0x00007ffb7d51d998:   49 8b f1 b9 08 00 00 00 4a 8b 04 d0 4c 8b 2c 08
0x00007ffb7d51d9a8:   49 89 56 08 4d 89 0e 48 8b 04 08 b9 20 00 00 00
0x00007ffb7d51d9b8:   4c 8b a0 c8 04 00 00 49 8b 3c 24 48 8b d7 e8 65
0x00007ffb7d51d9c8:   2f f0 ff 33 ed 48 8b d8 48 85 c0 74 69 8d 55 08
0x00007ffb7d51d9d8:   89 28 48 8b c8 c7 40 04 08 00 00 00 48 89 78 08 


Stack slot to memory mapping:
stack at sp + 0 slots: 0x0 is NULL
stack at sp + 1 slots: 0x00007ffb7da573b7 jvm.dll
stack at sp + 2 slots: 0x00007ffb7db78348 jvm.dll
stack at sp + 3 slots: 0x00000000000010f0 is an unknown value
stack at sp + 4 slots: 0x00000058329fef20 is pointing into the stack for thread: 0x000001ad8f104000
stack at sp + 5 slots: 0x00007ffb7d5093bd jvm.dll
stack at sp + 6 slots: 0x000001ad8f104000 is a thread
stack at sp + 7 slots: 0x000001ad8f104000 is a thread


---------------  P R O C E S S  ---------------

Threads class SMR info:
_java_thread_list=0x000001ad96000a80, length=13, elements={
0x000001adea736800, 0x000001adff73b800, 0x000001adff73c800, 0x000001ad8f0f9000,
0x000001ad8f0fa000, 0x000001ad8f0fd000, 0x000001ad8f101800, 0x000001ad8f111800,
0x000001ad8f3b3000, 0x000001ad8f107000, 0x000001ad8f61d000, 0x000001ad8f61e000,
0x000001ad8f104000
}

Java Threads: ( => current thread )
  0x000001adea736800 JavaThread "main" [_thread_blocked, id=25396, stack(0x0000005830e00000,0x0000005830f00000)]
  0x000001adff73b800 JavaThread "Reference Handler" daemon [_thread_blocked, id=25008, stack(0x0000005831500000,0x0000005831600000)]
  0x000001adff73c800 JavaThread "Finalizer" daemon [_thread_blocked, id=17284, stack(0x0000005831600000,0x0000005831700000)]
  0x000001ad8f0f9000 JavaThread "Signal Dispatcher" daemon [_thread_blocked, id=24972, stack(0x0000005831700000,0x0000005831800000)]
  0x000001ad8f0fa000 JavaThread "Attach Listener" daemon [_thread_blocked, id=23612, stack(0x0000005831800000,0x0000005831900000)]
  0x000001ad8f0fd000 JavaThread "C2 CompilerThread0" daemon [_thread_blocked, id=24628, stack(0x0000005831900000,0x0000005831a00000)]
  0x000001ad8f101800 JavaThread "C1 CompilerThread0" daemon [_thread_blocked, id=25876, stack(0x0000005831a00000,0x0000005831b00000)]
  0x000001ad8f111800 JavaThread "Sweeper thread" daemon [_thread_blocked, id=16752, stack(0x0000005831b00000,0x0000005831c00000)]
  0x000001ad8f3b3000 JavaThread "Common-Cleaner" daemon [_thread_blocked, id=20472, stack(0x0000005831c00000,0x0000005831d00000)]
  0x000001ad8f107000 JavaThread "C2 CompilerThread1" daemon [_thread_blocked, id=16140, stack(0x0000005831d00000,0x0000005831e00000)]
  0x000001ad8f61d000 JavaThread "Monitor Ctrl-Break" daemon [_thread_in_native, id=12400, stack(0x0000005831e00000,0x0000005831f00000)]
  0x000001ad8f61e000 JavaThread "Service Thread" daemon [_thread_blocked, id=24984, stack(0x0000005831f00000,0x0000005832000000)]
=>0x000001ad8f104000 JavaThread "C2 CompilerThread2" daemon [_thread_in_vm, id=17016, stack(0x0000005832900000,0x0000005832a00000)]

Other Threads:
  0x000001adff739800 VMThread "VM Thread" [stack: 0x0000005831400000,0x0000005831500000] [id=12412]
  0x000001ad8f61f800 WatcherThread [stack: 0x0000005832000000,0x0000005832100000] [id=15484]
  0x000001adea74f000 GCTaskThread "GC Thread#0" [stack: 0x0000005830f00000,0x0000005831000000] [id=25312]
  0x000001ad8fd19000 GCTaskThread "GC Thread#1" [stack: 0x0000005832100000,0x0000005832200000] [id=12360]
  0x000001ad8fca7800 GCTaskThread "GC Thread#2" [stack: 0x0000005832200000,0x0000005832300000] [id=15032]
  0x000001ad8ff30000 GCTaskThread "GC Thread#3" [stack: 0x0000005832300000,0x0000005832400000] [id=2252]
  0x000001ad8ffdd000 GCTaskThread "GC Thread#4" [stack: 0x0000005832400000,0x0000005832500000] [id=15272]
  0x000001ad8fe35000 GCTaskThread "GC Thread#5" [stack: 0x0000005832500000,0x0000005832600000] [id=13612]
  0x000001adea7ab000 ConcurrentGCThread "G1 Main Marker" [stack: 0x0000005831000000,0x0000005831100000] [id=6420]
  0x000001adea7ac800 ConcurrentGCThread "G1 Conc#0" [stack: 0x0000005831100000,0x0000005831200000] [id=21824]
  0x000001ad8fe32000 ConcurrentGCThread "G1 Conc#1" [stack: 0x0000005832600000,0x0000005832700000] [id=13132]
  0x000001ad8fe32800 ConcurrentGCThread "G1 Conc#2" [stack: 0x0000005832700000,0x0000005832800000] [id=21264]
  0x000001adff614800 ConcurrentGCThread "G1 Refine#0" [stack: 0x0000005831200000,0x0000005831300000] [id=172]
  0x000001adff616800 ConcurrentGCThread "G1 Young RemSet Sampling" [stack: 0x0000005831300000,0x0000005831400000] [id=11392]

Threads with active compile tasks:
C2 CompilerThread0   5614 4249   !   4       jdk.internal.loader.BuiltinClassLoader::findClassOnClassPathOrNull (64 bytes)
C2 CompilerThread1   5614 4456       4       java.util.HashSet::<init> (16 bytes)
C2 CompilerThread2   5614 4336   !   4       jdk.internal.loader.URLClassPath$JarLoader::getResource (353 bytes)

VM state:synchronizing (normal execution)

VM Mutex/Monitor currently owned by a thread:  ([mutex/lock_event])
[0x000001adea733c30] Threads_lock - owner thread: 0x000001adff739800
[0x000001adea733600] CompiledIC_lock - owner thread: 0x000001adea736800

Heap address: 0x0000000702600000, size: 4058 MB, Compressed Oops mode: Zero based, Oop shift amount: 3
Narrow klass base: 0x0000000800000000, Narrow klass shift: 0
Compressed class space size: 1073741824 Address: 0x0000000800000000

Heap:
 garbage-first heap   total 260096K, used 118901K [0x0000000702600000, 0x0000000800000000)
  region size 1024K, 107 young (109568K), 9 survivors (9216K)
 Metaspace       used 44245K, capacity 45481K, committed 45568K, reserved 1089536K
  class space    used 5606K, capacity 6105K, committed 6144K, reserved 1048576K
Heap Regions: E=young(eden), S=young(survivor), O=old, HS=humongous(starts), HC=humongous(continues), CS=collection set, F=free, A=archive, TAMS=top-at-mark-start (previous, next)
|   0|0x0000000702600000, 0x0000000702700000, 0x0000000702700000|100%|HS|  |TAMS 0x0000000702700000, 0x0000000702600000| Complete 
|   1|0x0000000702700000, 0x0000000702800000, 0x0000000702800000|100%| O|  |TAMS 0x0000000702800000, 0x0000000702700000| Untracked 
|   2|0x0000000702800000, 0x0000000702900000, 0x0000000702900000|100%| O|  |TAMS 0x0000000702900000, 0x0000000702800000| Untracked 
|   3|0x0000000702900000, 0x0000000702a00000, 0x0000000702a00000|100%| O|  |TAMS 0x0000000702a00000, 0x0000000702900000| Untracked 
|   4|0x0000000702a00000, 0x0000000702b00000, 0x0000000702b00000|100%| O|  |TAMS 0x0000000702b00000, 0x0000000702a00000| Untracked 
|   5|0x0000000702b00000, 0x0000000702c00000, 0x0000000702c00000|100%| O|  |TAMS 0x0000000702c00000, 0x0000000702b00000| Untracked 
|   6|0x0000000702c00000, 0x0000000702d00000, 0x0000000702d00000|100%| O|  |TAMS 0x0000000702d00000, 0x0000000702c00000| Untracked 
|   7|0x0000000702d00000, 0x0000000702e00000, 0x0000000702e00000|100%| O|  |TAMS 0x0000000702e00000, 0x0000000702d00000| Untracked 
|   8|0x0000000702e00000, 0x0000000702f00000, 0x0000000702f00000|100%| O|  |TAMS 0x0000000702f00000, 0x0000000702e00000| Untracked 
|   9|0x0000000702f00000, 0x0000000703000000, 0x0000000703000000|100%| O|  |TAMS 0x0000000703000000, 0x0000000702f00000| Untracked 
|  10|0x0000000703000000, 0x0000000703069e00, 0x0000000703100000| 41%| O|  |TAMS 0x0000000703069e00, 0x0000000703000000| Untracked 
|  11|0x0000000703100000, 0x0000000703100000, 0x0000000703200000|  0%| F|  |TAMS 0x0000000703100000, 0x0000000703100000| Untracked 
|  12|0x0000000703200000, 0x0000000703200000, 0x0000000703300000|  0%| F|  |TAMS 0x0000000703200000, 0x0000000703200000| Untracked 
|  13|0x0000000703300000, 0x0000000703300000, 0x0000000703400000|  0%| F|  |TAMS 0x0000000703300000, 0x0000000703300000| Untracked 
|  14|0x0000000703400000, 0x0000000703400000, 0x0000000703500000|  0%| F|  |TAMS 0x0000000703400000, 0x0000000703400000| Untracked 
|  15|0x0000000703500000, 0x0000000703500000, 0x0000000703600000|  0%| F|  |TAMS 0x0000000703500000, 0x0000000703500000| Untracked 
|  16|0x0000000703600000, 0x0000000703600000, 0x0000000703700000|  0%| F|  |TAMS 0x0000000703600000, 0x0000000703600000| Untracked 
|  17|0x0000000703700000, 0x0000000703700000, 0x0000000703800000|  0%| F|  |TAMS 0x0000000703700000, 0x0000000703700000| Untracked 
|  18|0x0000000703800000, 0x0000000703800000, 0x0000000703900000|  0%| F|  |TAMS 0x0000000703800000, 0x0000000703800000| Untracked 
|  19|0x0000000703900000, 0x0000000703900000, 0x0000000703a00000|  0%| F|  |TAMS 0x0000000703900000, 0x0000000703900000| Untracked 
|  20|0x0000000703a00000, 0x0000000703a00000, 0x0000000703b00000|  0%| F|  |TAMS 0x0000000703a00000, 0x0000000703a00000| Untracked 
|  21|0x0000000703b00000, 0x0000000703b00000, 0x0000000703c00000|  0%| F|  |TAMS 0x0000000703b00000, 0x0000000703b00000| Untracked 
|  22|0x0000000703c00000, 0x0000000703c00000, 0x0000000703d00000|  0%| F|  |TAMS 0x0000000703c00000, 0x0000000703c00000| Untracked 
|  23|0x0000000703d00000, 0x0000000703d00000, 0x0000000703e00000|  0%| F|  |TAMS 0x0000000703d00000, 0x0000000703d00000| Untracked 
|  24|0x0000000703e00000, 0x0000000703e00000, 0x0000000703f00000|  0%| F|  |TAMS 0x0000000703e00000, 0x0000000703e00000| Untracked 
|  25|0x0000000703f00000, 0x0000000703f00000, 0x0000000704000000|  0%| F|  |TAMS 0x0000000703f00000, 0x0000000703f00000| Untracked 
|  26|0x0000000704000000, 0x0000000704000000, 0x0000000704100000|  0%| F|  |TAMS 0x0000000704000000, 0x0000000704000000| Untracked 
|  27|0x0000000704100000, 0x0000000704100000, 0x0000000704200000|  0%| F|  |TAMS 0x0000000704100000, 0x0000000704100000| Untracked 
|  28|0x0000000704200000, 0x0000000704200000, 0x0000000704300000|  0%| F|  |TAMS 0x0000000704200000, 0x0000000704200000| Untracked 
|  29|0x0000000704300000, 0x0000000704300000, 0x0000000704400000|  0%| F|  |TAMS 0x0000000704300000, 0x0000000704300000| Untracked 
|  30|0x0000000704400000, 0x0000000704400000, 0x0000000704500000|  0%| F|  |TAMS 0x0000000704400000, 0x0000000704400000| Untracked 
|  31|0x0000000704500000, 0x0000000704500000, 0x0000000704600000|  0%| F|  |TAMS 0x0000000704500000, 0x0000000704500000| Untracked 
|  32|0x0000000704600000, 0x0000000704600000, 0x0000000704700000|  0%| F|  |TAMS 0x0000000704600000, 0x0000000704600000| Untracked 
|  33|0x0000000704700000, 0x0000000704700000, 0x0000000704800000|  0%| F|  |TAMS 0x0000000704700000, 0x0000000704700000| Untracked 
|  34|0x0000000704800000, 0x0000000704800000, 0x0000000704900000|  0%| F|  |TAMS 0x0000000704800000, 0x0000000704800000| Untracked 
|  35|0x0000000704900000, 0x0000000704900000, 0x0000000704a00000|  0%| F|  |TAMS 0x0000000704900000, 0x0000000704900000| Untracked 
|  36|0x0000000704a00000, 0x0000000704a00000, 0x0000000704b00000|  0%| F|  |TAMS 0x0000000704a00000, 0x0000000704a00000| Untracked 
|  37|0x0000000704b00000, 0x0000000704b00000, 0x0000000704c00000|  0%| F|  |TAMS 0x0000000704b00000, 0x0000000704b00000| Untracked 
|  38|0x0000000704c00000, 0x0000000704c00000, 0x0000000704d00000|  0%| F|  |TAMS 0x0000000704c00000, 0x0000000704c00000| Untracked 
|  39|0x0000000704d00000, 0x0000000704d00000, 0x0000000704e00000|  0%| F|  |TAMS 0x0000000704d00000, 0x0000000704d00000| Untracked 
|  40|0x0000000704e00000, 0x0000000704e00000, 0x0000000704f00000|  0%| F|  |TAMS 0x0000000704e00000, 0x0000000704e00000| Untracked 
|  41|0x0000000704f00000, 0x0000000704f00000, 0x0000000705000000|  0%| F|  |TAMS 0x0000000704f00000, 0x0000000704f00000| Untracked 
|  42|0x0000000705000000, 0x0000000705000000, 0x0000000705100000|  0%| F|  |TAMS 0x0000000705000000, 0x0000000705000000| Untracked 
|  43|0x0000000705100000, 0x0000000705100000, 0x0000000705200000|  0%| F|  |TAMS 0x0000000705100000, 0x0000000705100000| Untracked 
|  44|0x0000000705200000, 0x0000000705200000, 0x0000000705300000|  0%| F|  |TAMS 0x0000000705200000, 0x0000000705200000| Untracked 
|  45|0x0000000705300000, 0x0000000705300000, 0x0000000705400000|  0%| F|  |TAMS 0x0000000705300000, 0x0000000705300000| Untracked 
|  46|0x0000000705400000, 0x0000000705400000, 0x0000000705500000|  0%| F|  |TAMS 0x0000000705400000, 0x0000000705400000| Untracked 
|  47|0x0000000705500000, 0x0000000705500000, 0x0000000705600000|  0%| F|  |TAMS 0x0000000705500000, 0x0000000705500000| Untracked 
|  48|0x0000000705600000, 0x0000000705600000, 0x0000000705700000|  0%| F|  |TAMS 0x0000000705600000, 0x0000000705600000| Untracked 
|  49|0x0000000705700000, 0x0000000705700000, 0x0000000705800000|  0%| F|  |TAMS 0x0000000705700000, 0x0000000705700000| Untracked 
|  50|0x0000000705800000, 0x0000000705800000, 0x0000000705900000|  0%| F|  |TAMS 0x0000000705800000, 0x0000000705800000| Untracked 
|  51|0x0000000705900000, 0x0000000705900000, 0x0000000705a00000|  0%| F|  |TAMS 0x0000000705900000, 0x0000000705900000| Untracked 
|  52|0x0000000705a00000, 0x0000000705a00000, 0x0000000705b00000|  0%| F|  |TAMS 0x0000000705a00000, 0x0000000705a00000| Untracked 
|  53|0x0000000705b00000, 0x0000000705b00000, 0x0000000705c00000|  0%| F|  |TAMS 0x0000000705b00000, 0x0000000705b00000| Untracked 
|  54|0x0000000705c00000, 0x0000000705c00000, 0x0000000705d00000|  0%| F|  |TAMS 0x0000000705c00000, 0x0000000705c00000| Untracked 
|  55|0x0000000705d00000, 0x0000000705d00000, 0x0000000705e00000|  0%| F|  |TAMS 0x0000000705d00000, 0x0000000705d00000| Untracked 
|  56|0x0000000705e00000, 0x0000000705e00000, 0x0000000705f00000|  0%| F|  |TAMS 0x0000000705e00000, 0x0000000705e00000| Untracked 
|  57|0x0000000705f00000, 0x0000000705f00000, 0x0000000706000000|  0%| F|  |TAMS 0x0000000705f00000, 0x0000000705f00000| Untracked 
|  58|0x0000000706000000, 0x0000000706000000, 0x0000000706100000|  0%| F|  |TAMS 0x0000000706000000, 0x0000000706000000| Untracked 
|  59|0x0000000706100000, 0x0000000706100000, 0x0000000706200000|  0%| F|  |TAMS 0x0000000706100000, 0x0000000706100000| Untracked 
|  60|0x0000000706200000, 0x0000000706200000, 0x0000000706300000|  0%| F|  |TAMS 0x0000000706200000, 0x0000000706200000| Untracked 
|  61|0x0000000706300000, 0x0000000706300000, 0x0000000706400000|  0%| F|  |TAMS 0x0000000706300000, 0x0000000706300000| Untracked 
|  62|0x0000000706400000, 0x0000000706400000, 0x0000000706500000|  0%| F|  |TAMS 0x0000000706400000, 0x0000000706400000| Untracked 
|  63|0x0000000706500000, 0x0000000706500000, 0x0000000706600000|  0%| F|  |TAMS 0x0000000706500000, 0x0000000706500000| Untracked 
|  64|0x0000000706600000, 0x0000000706600000, 0x0000000706700000|  0%| F|  |TAMS 0x0000000706600000, 0x0000000706600000| Untracked 
|  65|0x0000000706700000, 0x0000000706700000, 0x0000000706800000|  0%| F|  |TAMS 0x0000000706700000, 0x0000000706700000| Untracked 
|  66|0x0000000706800000, 0x0000000706800000, 0x0000000706900000|  0%| F|  |TAMS 0x0000000706800000, 0x0000000706800000| Untracked 
|  67|0x0000000706900000, 0x0000000706900000, 0x0000000706a00000|  0%| F|  |TAMS 0x0000000706900000, 0x0000000706900000| Untracked 
|  68|0x0000000706a00000, 0x0000000706a00000, 0x0000000706b00000|  0%| F|  |TAMS 0x0000000706a00000, 0x0000000706a00000| Untracked 
|  69|0x0000000706b00000, 0x0000000706b00000, 0x0000000706c00000|  0%| F|  |TAMS 0x0000000706b00000, 0x0000000706b00000| Untracked 
|  70|0x0000000706c00000, 0x0000000706c00000, 0x0000000706d00000|  0%| F|  |TAMS 0x0000000706c00000, 0x0000000706c00000| Untracked 
|  71|0x0000000706d00000, 0x0000000706d00000, 0x0000000706e00000|  0%| F|  |TAMS 0x0000000706d00000, 0x0000000706d00000| Untracked 
|  72|0x0000000706e00000, 0x0000000706e00000, 0x0000000706f00000|  0%| F|  |TAMS 0x0000000706e00000, 0x0000000706e00000| Untracked 
|  73|0x0000000706f00000, 0x0000000706f00000, 0x0000000707000000|  0%| F|  |TAMS 0x0000000706f00000, 0x0000000706f00000| Untracked 
|  74|0x0000000707000000, 0x0000000707000000, 0x0000000707100000|  0%| F|  |TAMS 0x0000000707000000, 0x0000000707000000| Untracked 
|  75|0x0000000707100000, 0x0000000707100000, 0x0000000707200000|  0%| F|  |TAMS 0x0000000707100000, 0x0000000707100000| Untracked 
|  76|0x0000000707200000, 0x0000000707200000, 0x0000000707300000|  0%| F|  |TAMS 0x0000000707200000, 0x0000000707200000| Untracked 
|  77|0x0000000707300000, 0x0000000707300000, 0x0000000707400000|  0%| F|  |TAMS 0x0000000707300000, 0x0000000707300000| Untracked 
|  78|0x0000000707400000, 0x0000000707400000, 0x0000000707500000|  0%| F|  |TAMS 0x0000000707400000, 0x0000000707400000| Untracked 
|  79|0x0000000707500000, 0x0000000707500000, 0x0000000707600000|  0%| F|  |TAMS 0x0000000707500000, 0x0000000707500000| Untracked 
|  80|0x0000000707600000, 0x0000000707600000, 0x0000000707700000|  0%| F|  |TAMS 0x0000000707600000, 0x0000000707600000| Untracked 
|  81|0x0000000707700000, 0x0000000707700000, 0x0000000707800000|  0%| F|  |TAMS 0x0000000707700000, 0x0000000707700000| Untracked 
|  82|0x0000000707800000, 0x0000000707800000, 0x0000000707900000|  0%| F|  |TAMS 0x0000000707800000, 0x0000000707800000| Untracked 
|  83|0x0000000707900000, 0x0000000707900000, 0x0000000707a00000|  0%| F|  |TAMS 0x0000000707900000, 0x0000000707900000| Untracked 
|  84|0x0000000707a00000, 0x0000000707a00000, 0x0000000707b00000|  0%| F|  |TAMS 0x0000000707a00000, 0x0000000707a00000| Untracked 
|  85|0x0000000707b00000, 0x0000000707b00000, 0x0000000707c00000|  0%| F|  |TAMS 0x0000000707b00000, 0x0000000707b00000| Untracked 
|  86|0x0000000707c00000, 0x0000000707c00000, 0x0000000707d00000|  0%| F|  |TAMS 0x0000000707c00000, 0x0000000707c00000| Untracked 
|  87|0x0000000707d00000, 0x0000000707d00000, 0x0000000707e00000|  0%| F|  |TAMS 0x0000000707d00000, 0x0000000707d00000| Untracked 
|  88|0x0000000707e00000, 0x0000000707e00000, 0x0000000707f00000|  0%| F|  |TAMS 0x0000000707e00000, 0x0000000707e00000| Untracked 
|  89|0x0000000707f00000, 0x0000000707f00000, 0x0000000708000000|  0%| F|  |TAMS 0x0000000707f00000, 0x0000000707f00000| Untracked 
|  90|0x0000000708000000, 0x0000000708000000, 0x0000000708100000|  0%| F|  |TAMS 0x0000000708000000, 0x0000000708000000| Untracked 
|  91|0x0000000708100000, 0x0000000708100000, 0x0000000708200000|  0%| F|  |TAMS 0x0000000708100000, 0x0000000708100000| Untracked 
|  92|0x0000000708200000, 0x0000000708200000, 0x0000000708300000|  0%| F|  |TAMS 0x0000000708200000, 0x0000000708200000| Untracked 
|  93|0x0000000708300000, 0x0000000708300000, 0x0000000708400000|  0%| F|  |TAMS 0x0000000708300000, 0x0000000708300000| Untracked 
|  94|0x0000000708400000, 0x0000000708400000, 0x0000000708500000|  0%| F|  |TAMS 0x0000000708400000, 0x0000000708400000| Untracked 
|  95|0x0000000708500000, 0x0000000708500000, 0x0000000708600000|  0%| F|  |TAMS 0x0000000708500000, 0x0000000708500000| Untracked 
|  96|0x0000000708600000, 0x0000000708600000, 0x0000000708700000|  0%| F|  |TAMS 0x0000000708600000, 0x0000000708600000| Untracked 
|  97|0x0000000708700000, 0x0000000708700000, 0x0000000708800000|  0%| F|  |TAMS 0x0000000708700000, 0x0000000708700000| Untracked 
|  98|0x0000000708800000, 0x0000000708800000, 0x0000000708900000|  0%| F|  |TAMS 0x0000000708800000, 0x0000000708800000| Untracked 
|  99|0x0000000708900000, 0x0000000708900000, 0x0000000708a00000|  0%| F|  |TAMS 0x0000000708900000, 0x0000000708900000| Untracked 
| 100|0x0000000708a00000, 0x0000000708a00000, 0x0000000708b00000|  0%| F|  |TAMS 0x0000000708a00000, 0x0000000708a00000| Untracked 
| 101|0x0000000708b00000, 0x0000000708b00000, 0x0000000708c00000|  0%| F|  |TAMS 0x0000000708b00000, 0x0000000708b00000| Untracked 
| 102|0x0000000708c00000, 0x0000000708c00000, 0x0000000708d00000|  0%| F|  |TAMS 0x0000000708c00000, 0x0000000708c00000| Untracked 
| 103|0x0000000708d00000, 0x0000000708d00000, 0x0000000708e00000|  0%| F|  |TAMS 0x0000000708d00000, 0x0000000708d00000| Untracked 
| 104|0x0000000708e00000, 0x0000000708e00000, 0x0000000708f00000|  0%| F|  |TAMS 0x0000000708e00000, 0x0000000708e00000| Untracked 
| 105|0x0000000708f00000, 0x0000000708f00000, 0x0000000709000000|  0%| F|  |TAMS 0x0000000708f00000, 0x0000000708f00000| Untracked 
| 106|0x0000000709000000, 0x0000000709000000, 0x0000000709100000|  0%| F|  |TAMS 0x0000000709000000, 0x0000000709000000| Untracked 
| 107|0x0000000709100000, 0x0000000709100000, 0x0000000709200000|  0%| F|  |TAMS 0x0000000709100000, 0x0000000709100000| Untracked 
| 108|0x0000000709200000, 0x0000000709200000, 0x0000000709300000|  0%| F|  |TAMS 0x0000000709200000, 0x0000000709200000| Untracked 
| 109|0x0000000709300000, 0x0000000709300000, 0x0000000709400000|  0%| F|  |TAMS 0x0000000709300000, 0x0000000709300000| Untracked 
| 110|0x0000000709400000, 0x0000000709400000, 0x0000000709500000|  0%| F|  |TAMS 0x0000000709400000, 0x0000000709400000| Untracked 
| 111|0x0000000709500000, 0x0000000709500000, 0x0000000709600000|  0%| F|  |TAMS 0x0000000709500000, 0x0000000709500000| Untracked 
| 112|0x0000000709600000, 0x0000000709600000, 0x0000000709700000|  0%| F|  |TAMS 0x0000000709600000, 0x0000000709600000| Untracked 
| 113|0x0000000709700000, 0x0000000709700000, 0x0000000709800000|  0%| F|  |TAMS 0x0000000709700000, 0x0000000709700000| Untracked 
| 114|0x0000000709800000, 0x0000000709800000, 0x0000000709900000|  0%| F|  |TAMS 0x0000000709800000, 0x0000000709800000| Untracked 
| 115|0x0000000709900000, 0x0000000709900000, 0x0000000709a00000|  0%| F|  |TAMS 0x0000000709900000, 0x0000000709900000| Untracked 
| 116|0x0000000709a00000, 0x0000000709a00000, 0x0000000709b00000|  0%| F|  |TAMS 0x0000000709a00000, 0x0000000709a00000| Untracked 
| 117|0x0000000709b00000, 0x0000000709b00000, 0x0000000709c00000|  0%| F|  |TAMS 0x0000000709b00000, 0x0000000709b00000| Untracked 
| 118|0x0000000709c00000, 0x0000000709c00000, 0x0000000709d00000|  0%| F|  |TAMS 0x0000000709c00000, 0x0000000709c00000| Untracked 
| 119|0x0000000709d00000, 0x0000000709d00000, 0x0000000709e00000|  0%| F|  |TAMS 0x0000000709d00000, 0x0000000709d00000| Untracked 
| 120|0x0000000709e00000, 0x0000000709e00000, 0x0000000709f00000|  0%| F|  |TAMS 0x0000000709e00000, 0x0000000709e00000| Untracked 
| 121|0x0000000709f00000, 0x0000000709f00000, 0x000000070a000000|  0%| F|  |TAMS 0x0000000709f00000, 0x0000000709f00000| Untracked 
| 122|0x000000070a000000, 0x000000070a000000, 0x000000070a100000|  0%| F|  |TAMS 0x000000070a000000, 0x000000070a000000| Untracked 
| 123|0x000000070a100000, 0x000000070a100000, 0x000000070a200000|  0%| F|  |TAMS 0x000000070a100000, 0x000000070a100000| Untracked 
| 124|0x000000070a200000, 0x000000070a200000, 0x000000070a300000|  0%| F|  |TAMS 0x000000070a200000, 0x000000070a200000| Untracked 
| 125|0x000000070a300000, 0x000000070a300000, 0x000000070a400000|  0%| F|  |TAMS 0x000000070a300000, 0x000000070a300000| Untracked 
| 126|0x000000070a400000, 0x000000070a400000, 0x000000070a500000|  0%| F|  |TAMS 0x000000070a400000, 0x000000070a400000| Untracked 
| 127|0x000000070a500000, 0x000000070a500000, 0x000000070a600000|  0%| F|  |TAMS 0x000000070a500000, 0x000000070a500000| Untracked 
| 128|0x000000070a600000, 0x000000070a600000, 0x000000070a700000|  0%| F|  |TAMS 0x000000070a600000, 0x000000070a600000| Untracked 
| 129|0x000000070a700000, 0x000000070a700000, 0x000000070a800000|  0%| F|  |TAMS 0x000000070a700000, 0x000000070a700000| Untracked 
| 130|0x000000070a800000, 0x000000070a800000, 0x000000070a900000|  0%| F|  |TAMS 0x000000070a800000, 0x000000070a800000| Untracked 
| 131|0x000000070a900000, 0x000000070a900000, 0x000000070aa00000|  0%| F|  |TAMS 0x000000070a900000, 0x000000070a900000| Untracked 
| 132|0x000000070aa00000, 0x000000070aa00000, 0x000000070ab00000|  0%| F|  |TAMS 0x000000070aa00000, 0x000000070aa00000| Untracked 
| 133|0x000000070ab00000, 0x000000070abb39e8, 0x000000070ac00000| 70%| S|CS|TAMS 0x000000070ab00000, 0x000000070ab00000| Complete 
| 134|0x000000070ac00000, 0x000000070ad00000, 0x000000070ad00000|100%| S|CS|TAMS 0x000000070ac00000, 0x000000070ac00000| Complete 
| 135|0x000000070ad00000, 0x000000070ae00000, 0x000000070ae00000|100%| S|CS|TAMS 0x000000070ad00000, 0x000000070ad00000| Complete 
| 136|0x000000070ae00000, 0x000000070af00000, 0x000000070af00000|100%| S|CS|TAMS 0x000000070ae00000, 0x000000070ae00000| Complete 
| 137|0x000000070af00000, 0x000000070b000000, 0x000000070b000000|100%| S|CS|TAMS 0x000000070af00000, 0x000000070af00000| Complete 
| 138|0x000000070b000000, 0x000000070b100000, 0x000000070b100000|100%| S|CS|TAMS 0x000000070b000000, 0x000000070b000000| Complete 
| 139|0x000000070b100000, 0x000000070b200000, 0x000000070b200000|100%| S|CS|TAMS 0x000000070b100000, 0x000000070b100000| Complete 
| 140|0x000000070b200000, 0x000000070b300000, 0x000000070b300000|100%| S|CS|TAMS 0x000000070b200000, 0x000000070b200000| Complete 
| 141|0x000000070b300000, 0x000000070b400000, 0x000000070b400000|100%| S|CS|TAMS 0x000000070b300000, 0x000000070b300000| Complete 
| 142|0x000000070b400000, 0x000000070b400000, 0x000000070b500000|  0%| F|  |TAMS 0x000000070b400000, 0x000000070b400000| Untracked 
| 143|0x000000070b500000, 0x000000070b500000, 0x000000070b600000|  0%| F|  |TAMS 0x000000070b500000, 0x000000070b500000| Untracked 
| 144|0x000000070b600000, 0x000000070b600000, 0x000000070b700000|  0%| F|  |TAMS 0x000000070b600000, 0x000000070b600000| Untracked 
| 145|0x000000070b700000, 0x000000070b700000, 0x000000070b800000|  0%| F|  |TAMS 0x000000070b700000, 0x000000070b700000| Untracked 
| 146|0x000000070b800000, 0x000000070b800000, 0x000000070b900000|  0%| F|  |TAMS 0x000000070b800000, 0x000000070b800000| Untracked 
| 147|0x000000070b900000, 0x000000070b900000, 0x000000070ba00000|  0%| F|  |TAMS 0x000000070b900000, 0x000000070b900000| Untracked 
| 148|0x000000070ba00000, 0x000000070ba00000, 0x000000070bb00000|  0%| F|  |TAMS 0x000000070ba00000, 0x000000070ba00000| Untracked 
| 149|0x000000070bb00000, 0x000000070bb00000, 0x000000070bc00000|  0%| F|  |TAMS 0x000000070bb00000, 0x000000070bb00000| Untracked 
| 150|0x000000070bc00000, 0x000000070bc00000, 0x000000070bd00000|  0%| F|  |TAMS 0x000000070bc00000, 0x000000070bc00000| Untracked 
| 151|0x000000070bd00000, 0x000000070bd00000, 0x000000070be00000|  0%| F|  |TAMS 0x000000070bd00000, 0x000000070bd00000| Untracked 
| 152|0x000000070be00000, 0x000000070be00000, 0x000000070bf00000|  0%| F|  |TAMS 0x000000070be00000, 0x000000070be00000| Untracked 
| 153|0x000000070bf00000, 0x000000070bf00000, 0x000000070c000000|  0%| F|  |TAMS 0x000000070bf00000, 0x000000070bf00000| Untracked 
| 154|0x000000070c000000, 0x000000070c000000, 0x000000070c100000|  0%| F|  |TAMS 0x000000070c000000, 0x000000070c000000| Untracked 
| 155|0x000000070c100000, 0x000000070c100000, 0x000000070c200000|  0%| F|  |TAMS 0x000000070c100000, 0x000000070c100000| Untracked 
| 156|0x000000070c200000, 0x000000070c300000, 0x000000070c300000|100%| E|  |TAMS 0x000000070c200000, 0x000000070c200000| Complete 
| 157|0x000000070c300000, 0x000000070c400000, 0x000000070c400000|100%| E|CS|TAMS 0x000000070c300000, 0x000000070c300000| Complete 
| 158|0x000000070c400000, 0x000000070c500000, 0x000000070c500000|100%| E|CS|TAMS 0x000000070c400000, 0x000000070c400000| Complete 
| 159|0x000000070c500000, 0x000000070c600000, 0x000000070c600000|100%| E|CS|TAMS 0x000000070c500000, 0x000000070c500000| Complete 
| 160|0x000000070c600000, 0x000000070c700000, 0x000000070c700000|100%| E|CS|TAMS 0x000000070c600000, 0x000000070c600000| Complete 
| 161|0x000000070c700000, 0x000000070c800000, 0x000000070c800000|100%| E|CS|TAMS 0x000000070c700000, 0x000000070c700000| Complete 
| 162|0x000000070c800000, 0x000000070c900000, 0x000000070c900000|100%| E|CS|TAMS 0x000000070c800000, 0x000000070c800000| Complete 
| 163|0x000000070c900000, 0x000000070ca00000, 0x000000070ca00000|100%| E|CS|TAMS 0x000000070c900000, 0x000000070c900000| Complete 
| 164|0x000000070ca00000, 0x000000070cb00000, 0x000000070cb00000|100%| E|CS|TAMS 0x000000070ca00000, 0x000000070ca00000| Complete 
| 165|0x000000070cb00000, 0x000000070cc00000, 0x000000070cc00000|100%| E|CS|TAMS 0x000000070cb00000, 0x000000070cb00000| Complete 
| 166|0x000000070cc00000, 0x000000070cd00000, 0x000000070cd00000|100%| E|CS|TAMS 0x000000070cc00000, 0x000000070cc00000| Complete 
| 167|0x000000070cd00000, 0x000000070ce00000, 0x000000070ce00000|100%| E|CS|TAMS 0x000000070cd00000, 0x000000070cd00000| Complete 
| 168|0x000000070ce00000, 0x000000070cf00000, 0x000000070cf00000|100%| E|CS|TAMS 0x000000070ce00000, 0x000000070ce00000| Complete 
| 169|0x000000070cf00000, 0x000000070d000000, 0x000000070d000000|100%| E|CS|TAMS 0x000000070cf00000, 0x000000070cf00000| Complete 
| 170|0x000000070d000000, 0x000000070d100000, 0x000000070d100000|100%| E|CS|TAMS 0x000000070d000000, 0x000000070d000000| Complete 
| 171|0x000000070d100000, 0x000000070d200000, 0x000000070d200000|100%| E|CS|TAMS 0x000000070d100000, 0x000000070d100000| Complete 
| 172|0x000000070d200000, 0x000000070d300000, 0x000000070d300000|100%| E|CS|TAMS 0x000000070d200000, 0x000000070d200000| Complete 
| 173|0x000000070d300000, 0x000000070d400000, 0x000000070d400000|100%| E|CS|TAMS 0x000000070d300000, 0x000000070d300000| Complete 
| 174|0x000000070d400000, 0x000000070d500000, 0x000000070d500000|100%| E|CS|TAMS 0x000000070d400000, 0x000000070d400000| Complete 
| 175|0x000000070d500000, 0x000000070d600000, 0x000000070d600000|100%| E|CS|TAMS 0x000000070d500000, 0x000000070d500000| Complete 
| 176|0x000000070d600000, 0x000000070d700000, 0x000000070d700000|100%| E|CS|TAMS 0x000000070d600000, 0x000000070d600000| Complete 
| 177|0x000000070d700000, 0x000000070d800000, 0x000000070d800000|100%| E|CS|TAMS 0x000000070d700000, 0x000000070d700000| Complete 
| 178|0x000000070d800000, 0x000000070d900000, 0x000000070d900000|100%| E|CS|TAMS 0x000000070d800000, 0x000000070d800000| Complete 
| 179|0x000000070d900000, 0x000000070da00000, 0x000000070da00000|100%| E|CS|TAMS 0x000000070d900000, 0x000000070d900000| Complete 
| 180|0x000000070da00000, 0x000000070db00000, 0x000000070db00000|100%| E|CS|TAMS 0x000000070da00000, 0x000000070da00000| Complete 
| 181|0x000000070db00000, 0x000000070dc00000, 0x000000070dc00000|100%| E|CS|TAMS 0x000000070db00000, 0x000000070db00000| Complete 
| 182|0x000000070dc00000, 0x000000070dd00000, 0x000000070dd00000|100%| E|CS|TAMS 0x000000070dc00000, 0x000000070dc00000| Complete 
| 183|0x000000070dd00000, 0x000000070de00000, 0x000000070de00000|100%| E|CS|TAMS 0x000000070dd00000, 0x000000070dd00000| Complete 
| 184|0x000000070de00000, 0x000000070df00000, 0x000000070df00000|100%| E|CS|TAMS 0x000000070de00000, 0x000000070de00000| Complete 
| 185|0x000000070df00000, 0x000000070e000000, 0x000000070e000000|100%| E|CS|TAMS 0x000000070df00000, 0x000000070df00000| Complete 
| 186|0x000000070e000000, 0x000000070e100000, 0x000000070e100000|100%| E|CS|TAMS 0x000000070e000000, 0x000000070e000000| Complete 
| 187|0x000000070e100000, 0x000000070e200000, 0x000000070e200000|100%| E|CS|TAMS 0x000000070e100000, 0x000000070e100000| Complete 
| 188|0x000000070e200000, 0x000000070e300000, 0x000000070e300000|100%| E|CS|TAMS 0x000000070e200000, 0x000000070e200000| Complete 
| 189|0x000000070e300000, 0x000000070e400000, 0x000000070e400000|100%| E|CS|TAMS 0x000000070e300000, 0x000000070e300000| Complete 
| 190|0x000000070e400000, 0x000000070e500000, 0x000000070e500000|100%| E|CS|TAMS 0x000000070e400000, 0x000000070e400000| Complete 
| 191|0x000000070e500000, 0x000000070e600000, 0x000000070e600000|100%| E|CS|TAMS 0x000000070e500000, 0x000000070e500000| Complete 
| 192|0x000000070e600000, 0x000000070e700000, 0x000000070e700000|100%| E|CS|TAMS 0x000000070e600000, 0x000000070e600000| Complete 
| 193|0x000000070e700000, 0x000000070e800000, 0x000000070e800000|100%| E|CS|TAMS 0x000000070e700000, 0x000000070e700000| Complete 
| 194|0x000000070e800000, 0x000000070e900000, 0x000000070e900000|100%| E|CS|TAMS 0x000000070e800000, 0x000000070e800000| Complete 
| 195|0x000000070e900000, 0x000000070ea00000, 0x000000070ea00000|100%| E|CS|TAMS 0x000000070e900000, 0x000000070e900000| Complete 
| 196|0x000000070ea00000, 0x000000070eb00000, 0x000000070eb00000|100%| E|CS|TAMS 0x000000070ea00000, 0x000000070ea00000| Complete 
| 197|0x000000070eb00000, 0x000000070ec00000, 0x000000070ec00000|100%| E|CS|TAMS 0x000000070eb00000, 0x000000070eb00000| Complete 
| 198|0x000000070ec00000, 0x000000070ed00000, 0x000000070ed00000|100%| E|CS|TAMS 0x000000070ec00000, 0x000000070ec00000| Complete 
| 199|0x000000070ed00000, 0x000000070ee00000, 0x000000070ee00000|100%| E|CS|TAMS 0x000000070ed00000, 0x000000070ed00000| Complete 
| 200|0x000000070ee00000, 0x000000070ef00000, 0x000000070ef00000|100%| E|CS|TAMS 0x000000070ee00000, 0x000000070ee00000| Complete 
| 201|0x000000070ef00000, 0x000000070f000000, 0x000000070f000000|100%| E|CS|TAMS 0x000000070ef00000, 0x000000070ef00000| Complete 
| 202|0x000000070f000000, 0x000000070f100000, 0x000000070f100000|100%| E|CS|TAMS 0x000000070f000000, 0x000000070f000000| Complete 
| 203|0x000000070f100000, 0x000000070f200000, 0x000000070f200000|100%| E|CS|TAMS 0x000000070f100000, 0x000000070f100000| Complete 
| 204|0x000000070f200000, 0x000000070f300000, 0x000000070f300000|100%| E|CS|TAMS 0x000000070f200000, 0x000000070f200000| Complete 
| 205|0x000000070f300000, 0x000000070f400000, 0x000000070f400000|100%| E|CS|TAMS 0x000000070f300000, 0x000000070f300000| Complete 
| 206|0x000000070f400000, 0x000000070f500000, 0x000000070f500000|100%| E|CS|TAMS 0x000000070f400000, 0x000000070f400000| Complete 
| 207|0x000000070f500000, 0x000000070f600000, 0x000000070f600000|100%| E|CS|TAMS 0x000000070f500000, 0x000000070f500000| Complete 
| 208|0x000000070f600000, 0x000000070f700000, 0x000000070f700000|100%| E|CS|TAMS 0x000000070f600000, 0x000000070f600000| Complete 
| 209|0x000000070f700000, 0x000000070f800000, 0x000000070f800000|100%| E|CS|TAMS 0x000000070f700000, 0x000000070f700000| Complete 
| 210|0x000000070f800000, 0x000000070f900000, 0x000000070f900000|100%| E|CS|TAMS 0x000000070f800000, 0x000000070f800000| Complete 
| 211|0x000000070f900000, 0x000000070fa00000, 0x000000070fa00000|100%| E|CS|TAMS 0x000000070f900000, 0x000000070f900000| Complete 
| 212|0x000000070fa00000, 0x000000070fb00000, 0x000000070fb00000|100%| E|CS|TAMS 0x000000070fa00000, 0x000000070fa00000| Complete 
| 213|0x000000070fb00000, 0x000000070fc00000, 0x000000070fc00000|100%| E|CS|TAMS 0x000000070fb00000, 0x000000070fb00000| Complete 
| 214|0x000000070fc00000, 0x000000070fd00000, 0x000000070fd00000|100%| E|CS|TAMS 0x000000070fc00000, 0x000000070fc00000| Complete 
| 215|0x000000070fd00000, 0x000000070fe00000, 0x000000070fe00000|100%| E|CS|TAMS 0x000000070fd00000, 0x000000070fd00000| Complete 
| 216|0x000000070fe00000, 0x000000070ff00000, 0x000000070ff00000|100%| E|CS|TAMS 0x000000070fe00000, 0x000000070fe00000| Complete 
| 217|0x000000070ff00000, 0x0000000710000000, 0x0000000710000000|100%| E|CS|TAMS 0x000000070ff00000, 0x000000070ff00000| Complete 
| 218|0x0000000710000000, 0x0000000710100000, 0x0000000710100000|100%| E|CS|TAMS 0x0000000710000000, 0x0000000710000000| Complete 
| 219|0x0000000710100000, 0x0000000710200000, 0x0000000710200000|100%| E|CS|TAMS 0x0000000710100000, 0x0000000710100000| Complete 
| 220|0x0000000710200000, 0x0000000710300000, 0x0000000710300000|100%| E|CS|TAMS 0x0000000710200000, 0x0000000710200000| Complete 
| 221|0x0000000710300000, 0x0000000710400000, 0x0000000710400000|100%| E|CS|TAMS 0x0000000710300000, 0x0000000710300000| Complete 
| 222|0x0000000710400000, 0x0000000710500000, 0x0000000710500000|100%| E|CS|TAMS 0x0000000710400000, 0x0000000710400000| Complete 
| 223|0x0000000710500000, 0x0000000710600000, 0x0000000710600000|100%| E|CS|TAMS 0x0000000710500000, 0x0000000710500000| Complete 
| 224|0x0000000710600000, 0x0000000710700000, 0x0000000710700000|100%| E|CS|TAMS 0x0000000710600000, 0x0000000710600000| Complete 
| 225|0x0000000710700000, 0x0000000710800000, 0x0000000710800000|100%| E|CS|TAMS 0x0000000710700000, 0x0000000710700000| Complete 
| 226|0x0000000710800000, 0x0000000710900000, 0x0000000710900000|100%| E|CS|TAMS 0x0000000710800000, 0x0000000710800000| Complete 
| 227|0x0000000710900000, 0x0000000710a00000, 0x0000000710a00000|100%| E|CS|TAMS 0x0000000710900000, 0x0000000710900000| Complete 
| 228|0x0000000710a00000, 0x0000000710b00000, 0x0000000710b00000|100%| E|CS|TAMS 0x0000000710a00000, 0x0000000710a00000| Complete 
| 229|0x0000000710b00000, 0x0000000710c00000, 0x0000000710c00000|100%| E|CS|TAMS 0x0000000710b00000, 0x0000000710b00000| Complete 
| 230|0x0000000710c00000, 0x0000000710d00000, 0x0000000710d00000|100%| E|CS|TAMS 0x0000000710c00000, 0x0000000710c00000| Complete 
| 231|0x0000000710d00000, 0x0000000710e00000, 0x0000000710e00000|100%| E|CS|TAMS 0x0000000710d00000, 0x0000000710d00000| Complete 
| 232|0x0000000710e00000, 0x0000000710f00000, 0x0000000710f00000|100%| E|CS|TAMS 0x0000000710e00000, 0x0000000710e00000| Complete 
| 233|0x0000000710f00000, 0x0000000711000000, 0x0000000711000000|100%| E|CS|TAMS 0x0000000710f00000, 0x0000000710f00000| Complete 
| 234|0x0000000711000000, 0x0000000711100000, 0x0000000711100000|100%| E|CS|TAMS 0x0000000711000000, 0x0000000711000000| Complete 
| 235|0x0000000711100000, 0x0000000711200000, 0x0000000711200000|100%| E|CS|TAMS 0x0000000711100000, 0x0000000711100000| Complete 
| 236|0x0000000711200000, 0x0000000711300000, 0x0000000711300000|100%| E|CS|TAMS 0x0000000711200000, 0x0000000711200000| Complete 
| 237|0x0000000711300000, 0x0000000711400000, 0x0000000711400000|100%| E|CS|TAMS 0x0000000711300000, 0x0000000711300000| Complete 
| 238|0x0000000711400000, 0x0000000711500000, 0x0000000711500000|100%| E|CS|TAMS 0x0000000711400000, 0x0000000711400000| Complete 
| 239|0x0000000711500000, 0x0000000711600000, 0x0000000711600000|100%| E|CS|TAMS 0x0000000711500000, 0x0000000711500000| Complete 
| 240|0x0000000711600000, 0x0000000711700000, 0x0000000711700000|100%| E|CS|TAMS 0x0000000711600000, 0x0000000711600000| Complete 
| 241|0x0000000711700000, 0x0000000711800000, 0x0000000711800000|100%| E|CS|TAMS 0x0000000711700000, 0x0000000711700000| Complete 
| 242|0x0000000711800000, 0x0000000711900000, 0x0000000711900000|100%| E|CS|TAMS 0x0000000711800000, 0x0000000711800000| Complete 
| 243|0x0000000711900000, 0x0000000711a00000, 0x0000000711a00000|100%| E|CS|TAMS 0x0000000711900000, 0x0000000711900000| Complete 
| 244|0x0000000711a00000, 0x0000000711b00000, 0x0000000711b00000|100%| E|CS|TAMS 0x0000000711a00000, 0x0000000711a00000| Complete 
| 245|0x0000000711b00000, 0x0000000711c00000, 0x0000000711c00000|100%| E|CS|TAMS 0x0000000711b00000, 0x0000000711b00000| Complete 
| 246|0x0000000711c00000, 0x0000000711d00000, 0x0000000711d00000|100%| E|CS|TAMS 0x0000000711c00000, 0x0000000711c00000| Complete 
| 247|0x0000000711d00000, 0x0000000711e00000, 0x0000000711e00000|100%| E|CS|TAMS 0x0000000711d00000, 0x0000000711d00000| Complete 
| 248|0x0000000711e00000, 0x0000000711f00000, 0x0000000711f00000|100%| E|CS|TAMS 0x0000000711e00000, 0x0000000711e00000| Complete 
| 249|0x0000000711f00000, 0x0000000712000000, 0x0000000712000000|100%| E|CS|TAMS 0x0000000711f00000, 0x0000000711f00000| Complete 
| 250|0x0000000712000000, 0x0000000712100000, 0x0000000712100000|100%| E|CS|TAMS 0x0000000712000000, 0x0000000712000000| Complete 
| 251|0x0000000712100000, 0x0000000712200000, 0x0000000712200000|100%| E|CS|TAMS 0x0000000712100000, 0x0000000712100000| Complete 
| 252|0x0000000712200000, 0x0000000712300000, 0x0000000712300000|100%| E|CS|TAMS 0x0000000712200000, 0x0000000712200000| Complete 
| 253|0x0000000712300000, 0x0000000712400000, 0x0000000712400000|100%| E|CS|TAMS 0x0000000712300000, 0x0000000712300000| Complete 

Card table byte_map: [0x000001adf3ad0000,0x000001adf42c0000] _byte_map_base: 0x000001adf02bd000

Marking Bits (Prev, Next): (CMBitMap*) 0x000001adea79a668, (CMBitMap*) 0x000001adea79a6a0
 Prev Bits: [0x000001adf4ab0000, 0x000001adf8a18000)
 Next Bits: [0x000001adf8a20000, 0x000001adfc988000)

Polling page: 0x000001ade8670000

Metaspace:

Usage:
  Non-class:     38.45 MB capacity,    37.73 MB ( 98%) used,   594.63 KB (  2%) free+waste,   141.63 KB ( <1%) overhead. 
      Class:      5.96 MB capacity,     5.47 MB ( 92%) used,   430.75 KB (  7%) free+waste,    68.19 KB (  1%) overhead. 
       Both:     44.42 MB capacity,    43.21 MB ( 97%) used,     1.00 MB (  2%) free+waste,   209.81 KB ( <1%) overhead. 

Virtual space:
  Non-class space:       40.00 MB reserved,      38.50 MB ( 96%) committed 
      Class space:        1.00 GB reserved,       6.00 MB ( <1%) committed 
             Both:        1.04 GB reserved,      44.50 MB (  4%) committed 

Chunk freelists:
   Non-Class:  48.00 KB
       Class:  7.00 KB
        Both:  55.00 KB

MaxMetaspaceSize: 17179869184.00 GB
CompressedClassSpaceSize: 1.00 GB

CodeHeap 'non-profiled nmethods': size=120000Kb used=2368Kb max_used=2368Kb free=117631Kb
 bounds [0x000001ad87ad0000, 0x000001ad87d40000, 0x000001ad8f000000]
CodeHeap 'profiled nmethods': size=120000Kb used=10029Kb max_used=10029Kb free=109970Kb
 bounds [0x000001ad805a0000, 0x000001ad80f70000, 0x000001ad87ad0000]
CodeHeap 'non-nmethods': size=5760Kb used=1165Kb max_used=1227Kb free=4594Kb
 bounds [0x000001ad80000000, 0x000001ad80270000, 0x000001ad805a0000]
 total_blobs=4750 nmethods=4258 adapters=402
 compilation: enabled
              stopped_count=0, restarted_count=0
 full_count=0

Compilation events (20 events):
Event: 5.525 Thread 0x000001ad8f101800 nmethod 4419 0x000001ad80f43210 code [0x000001ad80f433c0, 0x000001ad80f43588]
Event: 5.525 Thread 0x000001ad8f101800 4418       3       net.bytebuddy.jar.asm.Handler::getExceptionTableLength (21 bytes)
Event: 5.525 Thread 0x000001ad8f101800 nmethod 4418 0x000001ad80f43690 code [0x000001ad80f43840, 0x000001ad80f439d8]
Event: 5.525 Thread 0x000001ad8f101800 4420       3       net.bytebuddy.description.ModifierReviewable$AbstractBase::getVisibility (87 bytes)
Event: 5.525 Thread 0x000001ad8f101800 nmethod 4420 0x000001ad80f43b10 code [0x000001ad80f43da0, 0x000001ad80f447e8]
Event: 5.525 Thread 0x000001ad8f101800 4422       3       net.bytebuddy.description.method.ParameterDescription$TypeSubstituting::getType (22 bytes)
Event: 5.525 Thread 0x000001ad8f101800 nmethod 4422 0x000001ad80f44b10 code [0x000001ad80f44ce0, 0x000001ad80f45098]
Event: 5.525 Thread 0x000001ad8f101800 4423       3       net.bytebuddy.implementation.bytecode.StackManipulation$Compound::apply (62 bytes)
Event: 5.526 Thread 0x000001ad8f101800 nmethod 4423 0x000001ad80f45190 code [0x000001ad80f453e0, 0x000001ad80f45e18]
Event: 5.526 Thread 0x000001ad8f101800 4421       3       net.bytebuddy.description.method.MethodDescription$TypeSubstituting::getInternalName (10 bytes)
Event: 5.526 Thread 0x000001ad8f101800 nmethod 4421 0x000001ad80f46190 code [0x000001ad80f46340, 0x000001ad80f46508]
Event: 5.526 Thread 0x000001ad8f101800 4424       1       net.bytebuddy.implementation.Implementation$Context$Default$CacheValueField::getType (5 bytes)
Event: 5.526 Thread 0x000001ad8f101800 nmethod 4424 0x000001ad87d19490 code [0x000001ad87d19640, 0x000001ad87d196f8]
Event: 5.526 Thread 0x000001ad8f101800 4425       1       net.bytebuddy.implementation.bytecode.member.MethodInvocation::access$100 (5 bytes)
Event: 5.526 Thread 0x000001ad8f101800 nmethod 4425 0x000001ad87d19790 code [0x000001ad87d19940, 0x000001ad87d199d8]
Event: 5.527 Thread 0x000001ad8f101800 4426       3       net.bytebuddy.description.method.MethodDescription$AbstractBase::getStackSize (28 bytes)
Event: 5.527 Thread 0x000001ad8f101800 nmethod 4426 0x000001ad80f46610 code [0x000001ad80f46820, 0x000001ad80f46e58]
Event: 5.527 Thread 0x000001ad8f101800 4427       3       net.bytebuddy.implementation.Implementation$Context$Default$AbstractPropertyAccessorMethod::getModifiers (28 bytes)
Event: 5.527 Thread 0x000001ad8f101800 nmethod 4427 0x000001ad80f47010 code [0x000001ad80f47200, 0x000001ad80f475c8]
Event: 5.527 Thread 0x000001ad8f101800 4428       3       net.bytebuddy.implementation.Implementation$Context$Default$AccessorMethod::getBaseModifiers (19 bytes)

GC Heap History (10 events):
Event: 0.959 GC heap before
{Heap before GC invocations=0 (full 0):
 garbage-first heap   total 260096K, used 25600K [0x0000000702600000, 0x0000000800000000)
  region size 1024K, 24 young (24576K), 0 survivors (0K)
 Metaspace       used 10997K, capacity 11324K, committed 11520K, reserved 1058816K
  class space    used 1130K, capacity 1267K, committed 1280K, reserved 1048576K
}
Event: 0.964 GC heap after
{Heap after GC invocations=1 (full 0):
 garbage-first heap   total 260096K, used 8315K [0x0000000702600000, 0x0000000800000000)
  region size 1024K, 3 young (3072K), 3 survivors (3072K)
 Metaspace       used 10997K, capacity 11324K, committed 11520K, reserved 1058816K
  class space    used 1130K, capacity 1267K, committed 1280K, reserved 1048576K
}
Event: 1.828 GC heap before
{Heap before GC invocations=1 (full 0):
 garbage-first heap   total 260096K, used 63611K [0x0000000702600000, 0x0000000800000000)
  region size 1024K, 58 young (59392K), 3 survivors (3072K)
 Metaspace       used 20636K, capacity 21088K, committed 21248K, reserved 1069056K
  class space    used 2227K, capacity 2438K, committed 2560K, reserved 1048576K
}
Event: 1.837 GC heap after
{Heap after GC invocations=2 (full 0):
 garbage-first heap   total 260096K, used 10685K [0x0000000702600000, 0x0000000800000000)
  region size 1024K, 6 young (6144K), 6 survivors (6144K)
 Metaspace       used 20636K, capacity 21088K, committed 21248K, reserved 1069056K
  class space    used 2227K, capacity 2438K, committed 2560K, reserved 1048576K
}
Event: 2.133 GC heap before
{Heap before GC invocations=3 (full 0):
 garbage-first heap   total 260096K, used 30141K [0x0000000702600000, 0x0000000800000000)
  region size 1024K, 26 young (26624K), 6 survivors (6144K)
 Metaspace       used 23751K, capacity 24353K, committed 24576K, reserved 1071104K
  class space    used 2697K, capacity 2972K, committed 3072K, reserved 1048576K
}
Event: 2.141 GC heap after
{Heap after GC invocations=4 (full 0):
 garbage-first heap   total 260096K, used 11789K [0x0000000702600000, 0x0000000800000000)
  region size 1024K, 2 young (2048K), 2 survivors (2048K)
 Metaspace       used 23751K, capacity 24353K, committed 24576K, reserved 1071104K
  class space    used 2697K, capacity 2972K, committed 3072K, reserved 1048576K
}
Event: 2.998 GC heap before
{Heap before GC invocations=4 (full 0):
 garbage-first heap   total 260096K, used 86541K [0x0000000702600000, 0x0000000800000000)
  region size 1024K, 75 young (76800K), 2 survivors (2048K)
 Metaspace       used 32324K, capacity 33267K, committed 33536K, reserved 1079296K
  class space    used 3852K, capacity 4254K, committed 4352K, reserved 1048576K
}
Event: 3.005 GC heap after
{Heap after GC invocations=5 (full 0):
 garbage-first heap   total 260096K, used 16205K [0x0000000702600000, 0x0000000800000000)
  region size 1024K, 6 young (6144K), 6 survivors (6144K)
 Metaspace       used 32324K, capacity 33267K, committed 33536K, reserved 1079296K
  class space    used 3852K, capacity 4254K, committed 4352K, reserved 1048576K
}
Event: 3.824 GC heap before
{Heap before GC invocations=5 (full 0):
 garbage-first heap   total 260096K, used 122701K [0x0000000702600000, 0x0000000800000000)
  region size 1024K, 112 young (114688K), 6 survivors (6144K)
 Metaspace       used 34787K, capacity 35785K, committed 35840K, reserved 1081344K
  class space    used 4149K, capacity 4575K, committed 4608K, reserved 1048576K
}
Event: 3.844 GC heap after
{Heap after GC invocations=6 (full 0):
 garbage-first heap   total 260096K, used 19573K [0x0000000702600000, 0x0000000800000000)
  region size 1024K, 9 young (9216K), 9 survivors (9216K)
 Metaspace       used 34787K, capacity 35785K, committed 35840K, reserved 1081344K
  class space    used 4149K, capacity 4575K, committed 4608K, reserved 1048576K
}

Deoptimization events (20 events):
Event: 4.683 Thread 0x000001adea736800 Uncommon trap: trap_request=0xffffffde fr.pc=0x000001ad87c937a4 relative=0x0000000000006ae4
Event: 4.683 Thread 0x000001adea736800 Uncommon trap: reason=class_check action=maybe_recompile pc=0x000001ad87c937a4 method=org.springframework.asm.ClassReader.readMethod(Lorg/springframework/asm/ClassVisitor;Lorg/springframework/asm/Context;I)I @ 509 c2
Event: 4.683 Thread 0x000001adea736800 DEOPT PACKING pc=0x000001ad87c937a4 sp=0x0000005830efc040
Event: 4.683 Thread 0x000001adea736800 DEOPT UNPACKING pc=0x000001ad8002772f sp=0x0000005830efc040 mode 2
Event: 4.683 Thread 0x000001adea736800 Uncommon trap: trap_request=0xffffffde fr.pc=0x000001ad87c937a4 relative=0x0000000000006ae4
Event: 4.683 Thread 0x000001adea736800 Uncommon trap: reason=class_check action=maybe_recompile pc=0x000001ad87c937a4 method=org.springframework.asm.ClassReader.readMethod(Lorg/springframework/asm/ClassVisitor;Lorg/springframework/asm/Context;I)I @ 509 c2
Event: 4.683 Thread 0x000001adea736800 DEOPT PACKING pc=0x000001ad87c937a4 sp=0x0000005830efc040
Event: 4.683 Thread 0x000001adea736800 DEOPT UNPACKING pc=0x000001ad8002772f sp=0x0000005830efc040 mode 2
Event: 4.683 Thread 0x000001adea736800 Uncommon trap: trap_request=0xffffffde fr.pc=0x000001ad87c937a4 relative=0x0000000000006ae4
Event: 4.683 Thread 0x000001adea736800 Uncommon trap: reason=class_check action=maybe_recompile pc=0x000001ad87c937a4 method=org.springframework.asm.ClassReader.readMethod(Lorg/springframework/asm/ClassVisitor;Lorg/springframework/asm/Context;I)I @ 509 c2
Event: 4.683 Thread 0x000001adea736800 DEOPT PACKING pc=0x000001ad87c937a4 sp=0x0000005830efc040
Event: 4.683 Thread 0x000001adea736800 DEOPT UNPACKING pc=0x000001ad8002772f sp=0x0000005830efc040 mode 2
Event: 4.748 Thread 0x000001adea736800 Uncommon trap: trap_request=0xffffff4d fr.pc=0x000001ad87cb248c relative=0x00000000000000ec
Event: 4.748 Thread 0x000001adea736800 Uncommon trap: reason=unstable_if action=reinterpret pc=0x000001ad87cb248c method=org.springframework.asm.ByteVector.putShort(I)Lorg/springframework/asm/ByteVector; @ 13 c2
Event: 4.748 Thread 0x000001adea736800 DEOPT PACKING pc=0x000001ad87cb248c sp=0x0000005830efbed0
Event: 4.748 Thread 0x000001adea736800 DEOPT UNPACKING pc=0x000001ad8002772f sp=0x0000005830efbe58 mode 2
Event: 4.777 Thread 0x000001adea736800 Uncommon trap: trap_request=0xffffff4d fr.pc=0x000001ad87cb69a4 relative=0x0000000000000264
Event: 4.777 Thread 0x000001adea736800 Uncommon trap: reason=unstable_if action=reinterpret pc=0x000001ad87cb69a4 method=org.springframework.asm.Frame.push(I)V @ 26 c2
Event: 4.777 Thread 0x000001adea736800 DEOPT PACKING pc=0x000001ad87cb69a4 sp=0x0000005830efc060
Event: 4.777 Thread 0x000001adea736800 DEOPT UNPACKING pc=0x000001ad8002772f sp=0x0000005830efc008 mode 2

Classes redefined (0 events):
No events

Internal exceptions (20 events):
Event: 2.770 Thread 0x000001ad90b10800 Exception <a 'java/lang/NullPointerException'{0x000000070eaf6bd0}> (0x000000070eaf6bd0) thrown at [./src/hotspot/share/runtime/sharedRuntime.cpp, line 584]
Event: 2.770 Thread 0x000001ad90b10800 Implicit null exception at 0x000001ad80a4c4d7 to 0x000001ad80a4e19a
Event: 2.770 Thread 0x000001ad90b10800 Exception <a 'java/lang/NullPointerException'{0x000000070eaf6ea0}> (0x000000070eaf6ea0) thrown at [./src/hotspot/share/runtime/sharedRuntime.cpp, line 584]
Event: 2.782 Thread 0x000001ad90b10800 Implicit null exception at 0x000001ad80a4c4d7 to 0x000001ad80a4e19a
Event: 2.782 Thread 0x000001ad90b10800 Exception <a 'java/lang/NullPointerException'{0x000000070e847de0}> (0x000000070e847de0) thrown at [./src/hotspot/share/runtime/sharedRuntime.cpp, line 584]
Event: 2.782 Thread 0x000001ad90b10800 Implicit null exception at 0x000001ad80a4c4d7 to 0x000001ad80a4e19a
Event: 2.782 Thread 0x000001ad90b10800 Exception <a 'java/lang/NullPointerException'{0x000000070e8480b0}> (0x000000070e8480b0) thrown at [./src/hotspot/share/runtime/sharedRuntime.cpp, line 584]
Event: 2.800 Thread 0x000001ad90b10800 Implicit null exception at 0x000001ad80a4c4d7 to 0x000001ad80a4e19a
Event: 2.800 Thread 0x000001ad90b10800 Exception <a 'java/lang/NullPointerException'{0x000000070e7d7f18}> (0x000000070e7d7f18) thrown at [./src/hotspot/share/runtime/sharedRuntime.cpp, line 584]
Event: 2.800 Thread 0x000001ad90b10800 Implicit null exception at 0x000001ad80a4c4d7 to 0x000001ad80a4e19a
Event: 2.800 Thread 0x000001ad90b10800 Exception <a 'java/lang/NullPointerException'{0x000000070e7d81e8}> (0x000000070e7d81e8) thrown at [./src/hotspot/share/runtime/sharedRuntime.cpp, line 584]
Event: 2.819 Thread 0x000001ad90b10800 Exception <a 'java/lang/IncompatibleClassChangeError'{0x000000070e50db90}: Found class java.lang.Object, but interface was expected> (0x000000070e50db90) thrown at [./src/hotspot/share/interpreter/linkResolver.cpp, line 839]
Event: 2.848 Thread 0x000001ad90b10800 Exception <a 'java/lang/NoSuchMethodError'{0x000000070e3a7898}: 'java.lang.Object java.lang.invoke.DirectMethodHandle$Holder.invokeStatic(java.lang.Object, java.lang.Object, java.lang.Object, java.lang.Object, java.lang.Object, java.lang.Object, java.lang.Object, java.lang.Object, java.lang.Object, java.lang.Object, java.lang.Object, int)'> (0x000000070e3a7898) thrown at [./src/hotspot/share/interpreter/linkResolver.cpp, line 773]
Event: 2.849 Thread 0x000001ad90b10800 Exception <a 'java/lang/NoSuchMethodError'{0x000000070e3c5820}: 'java.lang.Object java.lang.invoke.DirectMethodHandle$Holder.invokeStatic(java.lang.Object, java.lang.Object, java.lang.Object, java.lang.Object, java.lang.Object, java.lang.Object, java.lang.Object, java.lang.Object, java.lang.Object, java.lang.Object, java.lang.Object, int, int)'> (0x000000070e3c5820) thrown at [./src/hotspot/share/interpreter/linkResolver.cpp, line 773]
Event: 2.851 Thread 0x000001ad90b10800 Exception <a 'java/lang/NoSuchMethodError'{0x000000070e3e4858}: 'java.lang.Object java.lang.invoke.DirectMethodHandle$Holder.invokeStatic(java.lang.Object, java.lang.Object, java.lang.Object, java.lang.Object, java.lang.Object, java.lang.Object, java.lang.Object, java.lang.Object, java.lang.Object, java.lang.Object, java.lang.Object, int, int, java.lang.Object)'> (0x000000070e3e4858) thrown at [./src/hotspot/share/interpreter/linkResolver.cpp, line 773]
Event: 2.853 Thread 0x000001ad90b10800 Exception <a 'java/lang/NoSuchMethodError'{0x000000070e286240}: 'java.lang.Object java.lang.invoke.DirectMethodHandle$Holder.invokeStatic(java.lang.Object, java.lang.Object, java.lang.Object, java.lang.Object, java.lang.Object, java.lang.Object, java.lang.Object, java.lang.Object, java.lang.Object, java.lang.Object, java.lang.Object, int, int, java.lang.Object, java.lang.Object)'> (0x000000070e286240) thrown at [./src/hotspot/share/interpreter/linkResolver.cpp, line 773]
Event: 2.864 Thread 0x000001ad90b10800 Exception <a 'java/lang/NoSuchMethodError'{0x000000070e2e0400}: 'void java.lang.invoke.DirectMethodHandle$Holder.invokeStatic(java.lang.Object, java.lang.Object, java.lang.Object, java.lang.Object, java.lang.Object)'> (0x000000070e2e0400) thrown at [./src/hotspot/share/interpreter/linkResolver.cpp, line 773]
Event: 3.948 Thread 0x000001adea736800 Exception <a 'java/lang/NoSuchMethodError'{0x0000000711b21300}: 'int java.lang.invoke.DirectMethodHandle$Holder.invokeSpecial(java.lang.Object, java.lang.Object, java.lang.Object, java.lang.Object, java.lang.Object)'> (0x0000000711b21300) thrown at [./src/hotspot/share/interpreter/linkResolver.cpp, line 773]
Event: 4.411 Thread 0x000001adea736800 Exception <a 'java/lang/NoSuchMethodError'{0x000000070fd902c8}: 'java.lang.Object java.lang.invoke.DirectMethodHandle$Holder.invokeSpecialIFC(java.lang.Object, java.lang.Object, java.lang.Object)'> (0x000000070fd902c8) thrown at [./src/hotspot/share/interpreter/linkResolver.cpp, line 773]
Event: 5.278 Thread 0x000001adea736800 Exception <a 'java/lang/ClassNotFoundException'{0x000000070cf0bff8}: java/lang/ClassLoader$ByteBuddyAccessor$0nJEZ8gG> (0x000000070cf0bff8) thrown at [./src/hotspot/share/classfile/systemDictionary.cpp, line 231]

Events (20 events):
Event: 5.486 loading class org/mockito/exceptions/base/MockitoSerializationIssue
Event: 5.486 loading class org/mockito/exceptions/base/MockitoSerializationIssue done
Event: 5.487 loading class org/mockito/internal/progress/ThreadSafeMockingProgress
Event: 5.487 loading class org/mockito/internal/progress/ThreadSafeMockingProgress done
Event: 5.487 loading class org/mockito/internal/progress/ThreadSafeMockingProgress$1
Event: 5.487 loading class org/mockito/internal/progress/ThreadSafeMockingProgress$1 done
Event: 5.487 loading class org/mockito/internal/progress/MockingProgress
Event: 5.487 loading class org/mockito/internal/progress/MockingProgress done
Event: 5.488 loading class org/mockito/internal/progress/MockingProgressImpl
Event: 5.488 loading class org/mockito/internal/progress/MockingProgressImpl done
Event: 5.488 loading class org/mockito/verification/VerificationStrategy
Event: 5.488 loading class org/mockito/verification/VerificationStrategy done
Event: 5.489 loading class org/mockito/internal/progress/ArgumentMatcherStorage
Event: 5.489 loading class org/mockito/internal/progress/ArgumentMatcherStorage done
Event: 5.489 loading class org/mockito/internal/progress/ArgumentMatcherStorageImpl
Event: 5.489 loading class org/mockito/internal/progress/ArgumentMatcherStorageImpl done
Event: 5.489 loading class org/mockito/internal/progress/MockingProgressImpl$1
Event: 5.489 loading class org/mockito/internal/progress/MockingProgressImpl$1 done
Event: 5.492 loading class io/swagger/model/ModifyUserDTO
Event: 5.492 loading class io/swagger/model/ModifyUserDTO done


Dynamic libraries:
0x00007ff76bca0000 - 0x00007ff76bcad000 	C:\Program Files\AdoptOpenJDK\jdk-11.0.8.10-hotspot\bin\java.exe
0x00007ffbede70000 - 0x00007ffbee065000 	C:\WINDOWS\SYSTEM32\ntdll.dll
0x00007ffbed8c0000 - 0x00007ffbed97d000 	C:\WINDOWS\System32\KERNEL32.DLL
0x00007ffbeb9d0000 - 0x00007ffbebc98000 	C:\WINDOWS\System32\KERNELBASE.dll
0x00007ffbeb690000 - 0x00007ffbeb790000 	C:\WINDOWS\System32\ucrtbase.dll
0x00007ffbe4e20000 - 0x00007ffbe4e35000 	C:\Program Files\AdoptOpenJDK\jdk-11.0.8.10-hotspot\bin\VCRUNTIME140.dll
0x00007ffbe4e40000 - 0x00007ffbe4e57000 	C:\Program Files\AdoptOpenJDK\jdk-11.0.8.10-hotspot\bin\jli.dll
0x00007ffbed440000 - 0x00007ffbed5e0000 	C:\WINDOWS\System32\USER32.dll
0x00007ffbeb9a0000 - 0x00007ffbeb9c2000 	C:\WINDOWS\System32\win32u.dll
0x00007ffbec2d0000 - 0x00007ffbec2fa000 	C:\WINDOWS\System32\GDI32.dll
0x00007ffbcb1e0000 - 0x00007ffbcb47a000 	C:\WINDOWS\WinSxS\amd64_microsoft.windows.common-controls_6595b64144ccf1df_6.0.19041.1052_none_60b8f8fd71f5e8cb\COMCTL32.dll
0x00007ffbeb7f0000 - 0x00007ffbeb8fb000 	C:\WINDOWS\System32\gdi32full.dll
0x00007ffbeb900000 - 0x00007ffbeb99d000 	C:\WINDOWS\System32\msvcp_win.dll
0x00007ffbec560000 - 0x00007ffbec5fe000 	C:\WINDOWS\System32\msvcrt.dll
0x00007ffbeda30000 - 0x00007ffbeda60000 	C:\WINDOWS\System32\IMM32.DLL
0x00007ffbe4d80000 - 0x00007ffbe4e1b000 	C:\Program Files\AdoptOpenJDK\jdk-11.0.8.10-hotspot\bin\msvcp140.dll
0x00007ffb7d370000 - 0x00007ffb7de2d000 	C:\Program Files\AdoptOpenJDK\jdk-11.0.8.10-hotspot\bin\server\jvm.dll
0x00007ffbed810000 - 0x00007ffbed8bc000 	C:\WINDOWS\System32\ADVAPI32.dll
0x00007ffbedb80000 - 0x00007ffbedc1b000 	C:\WINDOWS\System32\sechost.dll
0x00007ffbecaf0000 - 0x00007ffbecc1b000 	C:\WINDOWS\System32\RPCRT4.dll
0x00007ffbed360000 - 0x00007ffbed368000 	C:\WINDOWS\System32\PSAPI.DLL
0x00007ffbe6cb0000 - 0x00007ffbe6cb9000 	C:\WINDOWS\SYSTEM32\WSOCK32.dll
0x00007ffbe3d10000 - 0x00007ffbe3d37000 	C:\WINDOWS\SYSTEM32\WINMM.dll
0x00007ffbe3270000 - 0x00007ffbe327a000 	C:\WINDOWS\SYSTEM32\VERSION.dll
0x00007ffbed7a0000 - 0x00007ffbed80b000 	C:\WINDOWS\System32\WS2_32.dll
0x00007ffbe9e40000 - 0x00007ffbe9e52000 	C:\WINDOWS\SYSTEM32\kernel.appcore.dll
0x00007ffbe5fe0000 - 0x00007ffbe5ff0000 	C:\Program Files\AdoptOpenJDK\jdk-11.0.8.10-hotspot\bin\verify.dll
0x00007ffbe9250000 - 0x00007ffbe9434000 	C:\WINDOWS\SYSTEM32\DBGHELP.DLL
0x00007ffbc6310000 - 0x00007ffbc633c000 	C:\WINDOWS\SYSTEM32\dbgcore.DLL
0x00007ffbeb600000 - 0x00007ffbeb683000 	C:\WINDOWS\System32\bcryptPrimitives.dll
0x00007ffbe39c0000 - 0x00007ffbe39e8000 	C:\Program Files\AdoptOpenJDK\jdk-11.0.8.10-hotspot\bin\java.dll
0x00007ffbe5280000 - 0x00007ffbe528a000 	C:\Program Files\AdoptOpenJDK\jdk-11.0.8.10-hotspot\bin\jimage.dll
0x00007ffbe4d70000 - 0x00007ffbe4d7e000 	C:\Program Files\AdoptOpenJDK\jdk-11.0.8.10-hotspot\bin\instrument.dll
0x00007ffbe4100000 - 0x00007ffbe4117000 	C:\Program Files\AdoptOpenJDK\jdk-11.0.8.10-hotspot\bin\zip.dll
0x00007ffbecc20000 - 0x00007ffbed35f000 	C:\WINDOWS\System32\SHELL32.dll
0x00007ffbe96a0000 - 0x00007ffbe9e30000 	C:\WINDOWS\SYSTEM32\windows.storage.dll
0x00007ffbebf70000 - 0x00007ffbec2c5000 	C:\WINDOWS\System32\combase.dll
0x00007ffbeb020000 - 0x00007ffbeb04c000 	C:\WINDOWS\SYSTEM32\Wldp.dll
0x00007ffbed980000 - 0x00007ffbeda2e000 	C:\WINDOWS\System32\SHCORE.dll
0x00007ffbed3d0000 - 0x00007ffbed425000 	C:\WINDOWS\System32\shlwapi.dll
0x00007ffbeb4f0000 - 0x00007ffbeb50f000 	C:\WINDOWS\SYSTEM32\profapi.dll
0x00007ffbe39a0000 - 0x00007ffbe39b9000 	C:\Program Files\AdoptOpenJDK\jdk-11.0.8.10-hotspot\bin\net.dll
0x00007ffbe2ec0000 - 0x00007ffbe2fcb000 	C:\WINDOWS\SYSTEM32\WINHTTP.dll
0x00007ffbead40000 - 0x00007ffbeadaa000 	C:\WINDOWS\system32\mswsock.dll
0x00007ffbe3980000 - 0x00007ffbe3992000 	C:\Program Files\AdoptOpenJDK\jdk-11.0.8.10-hotspot\bin\nio.dll
0x00007ffbe3960000 - 0x00007ffbe397a000 	C:\Users\31683\Desktop\Intellij\IntelliJ IDEA 2020.2.2\bin\breakgen64.dll
0x00007ffbe3950000 - 0x00007ffbe3959000 	C:\Program Files\AdoptOpenJDK\jdk-11.0.8.10-hotspot\bin\management.dll
0x00007ffbe3940000 - 0x00007ffbe394b000 	C:\Program Files\AdoptOpenJDK\jdk-11.0.8.10-hotspot\bin\management_ext.dll
0x00007ffbc5150000 - 0x00007ffbc5167000 	C:\WINDOWS\system32\napinsp.dll
0x00007ffbc50c0000 - 0x00007ffbc50db000 	C:\WINDOWS\system32\pnrpnsp.dll
0x00007ffbe6180000 - 0x00007ffbe6195000 	C:\WINDOWS\system32\wshbth.dll
0x00007ffbe6b40000 - 0x00007ffbe6b5d000 	C:\WINDOWS\system32\NLAapi.dll
0x00007ffbeaa00000 - 0x00007ffbeaa3b000 	C:\WINDOWS\SYSTEM32\IPHLPAPI.DLL
0x00007ffbeaa40000 - 0x00007ffbeab0c000 	C:\WINDOWS\SYSTEM32\DNSAPI.dll
0x00007ffbedd50000 - 0x00007ffbedd58000 	C:\WINDOWS\System32\NSI.dll
0x00007ffbbb050000 - 0x00007ffbbb062000 	C:\WINDOWS\System32\winrnr.dll
0x00007ffbe2fd0000 - 0x00007ffbe2fda000 	C:\Windows\System32\rasadhlp.dll
0x00007ffbdc240000 - 0x00007ffbdc2bf000 	C:\WINDOWS\System32\fwpuclnt.dll
0x00007ffbebe00000 - 0x00007ffbebe27000 	C:\WINDOWS\System32\bcrypt.dll

dbghelp: loaded successfully - version: 4.0.5 - missing functions: none
symbol engine: initialized successfully - sym options: 0x614 - pdb path: .;C:\Program Files\AdoptOpenJDK\jdk-11.0.8.10-hotspot\bin;C:\WINDOWS\SYSTEM32;C:\WINDOWS\WinSxS\amd64_microsoft.windows.common-controls_6595b64144ccf1df_6.0.19041.1052_none_60b8f8fd71f5e8cb;C:\Program Files\AdoptOpenJDK\jdk-11.0.8.10-hotspot\bin\server;C:\Users\31683\Desktop\Intellij\IntelliJ IDEA 2020.2.2\bin

VM Arguments:
jvm_args: -ea -Didea.test.cyclic.buffer.size=1048576 -javaagent:C:\Users\31683\Desktop\Intellij\IntelliJ IDEA 2020.2.2\lib\idea_rt.jar=1032:C:\Users\31683\Desktop\Intellij\IntelliJ IDEA 2020.2.2\bin -Dfile.encoding=UTF-8 
java_command: com.intellij.rt.junit.JUnitStarter -ideVersion5 -junit5 io.swagger.controller.AccountApiControllerTest
java_class_path (initial): C:\Users\31683\Desktop\Intellij\IntelliJ IDEA 2020.2.2\lib\idea_rt.jar;C:\Users\31683\.m2\repository\org\junit\platform\junit-platform-launcher\1.3.2\junit-platform-launcher-1.3.2.jar;C:\Users\31683\.m2\repository\org\apiguardian\apiguardian-api\1.0.0\apiguardian-api-1.0.0.jar;C:\Users\31683\.m2\repository\org\junit\vintage\junit-vintage-engine\5.3.2\junit-vintage-engine-5.3.2.jar;C:\Users\31683\Desktop\Intellij\IntelliJ IDEA 2020.2.2\plugins\junit\lib\junit5-rt.jar;C:\Users\31683\Desktop\Intellij\IntelliJ IDEA 2020.2.2\plugins\junit\lib\junit-rt.jar;D:\IDEProjects\Code-Generation-Project\target\test-classes;D:\IDEProjects\Code-Generation-Project\target\classes;C:\Users\31683\.m2\repository\org\springframework\boot\spring-boot-starter-data-jpa\2.1.16.RELEASE\spring-boot-starter-data-jpa-2.1.16.RELEASE.jar;C:\Users\31683\.m2\repository\org\springframework\boot\spring-boot-starter-aop\2.1.16.RELEASE\spring-boot-starter-aop-2.1.16.RELEASE.jar;C:\Users\31683\.m2\repository\org\aspectj\aspectjweaver\1.9.6\aspectjweaver-1.9.6.jar;C:\Users\31683\.m2\repository\org\springframework\boot\spring-boot-starter-jdbc\2.1.16.RELEASE\spring-boot-starter-jdbc-2.1.16.RELEASE.jar;C:\Users\31683\.m2\repository\com\zaxxer\HikariCP\3.2.0\HikariCP-3.2.0.jar;C:\Users\31683\.m2\repository\org\springframework\spring-jdbc\5.1.17.RELEASE\spring-jdbc-5.1.17.RELEASE.jar;C:\Users\31683\.m2\repository\javax\transaction\javax.transaction-api\1.3\javax.transaction-api-1.3.jar;C:\Users\31683\.m2\repository\org\hibernate\hibernate-core\5.3.17.Final\hibernate-core-5.3.17.Final.jar;C:\Users\31683\.m2\repository\org\jboss\logging\jboss-logging\3.3.3.Final\jboss-logging-3.3.3.Final.jar;C:\Users\31683\.m2\repository\javax\persistence\javax.persistence-api\2.2\javax.persistence-api-2.2.jar;C:\Users\31683\.m2\repository\org\javassist\javassist\3.23.2-GA\javassist-3.23.2-GA.jar;C:\Users\31683\.m2\repository\net\bytebuddy\byte-buddy\1.9.16\byte-buddy-1.9.16.jar;C:\Users\31683\.m2\re
Launcher Type: SUN_STANDARD

[Global flags]
     intx CICompilerCount                          = 4                                         {product} {ergonomic}
     uint ConcGCThreads                            = 3                                         {product} {ergonomic}
     uint G1ConcRefinementThreads                  = 10                                        {product} {ergonomic}
   size_t G1HeapRegionSize                         = 1048576                                   {product} {ergonomic}
    uintx GCDrainStackTargetSize                   = 64                                        {product} {ergonomic}
   size_t InitialHeapSize                          = 266338304                                 {product} {ergonomic}
   size_t MarkStackSize                            = 4194304                                   {product} {ergonomic}
   size_t MaxHeapSize                              = 4255121408                                {product} {ergonomic}
   size_t MaxNewSize                               = 2552233984                                {product} {ergonomic}
   size_t MinHeapDeltaBytes                        = 1048576                                   {product} {ergonomic}
    uintx NonNMethodCodeHeapSize                   = 5836300                                {pd product} {ergonomic}
    uintx NonProfiledCodeHeapSize                  = 122910970                              {pd product} {ergonomic}
    uintx ProfiledCodeHeapSize                     = 122910970                              {pd product} {ergonomic}
    uintx ReservedCodeCacheSize                    = 251658240                              {pd product} {ergonomic}
     bool SegmentedCodeCache                       = true                                      {product} {ergonomic}
     bool UseCompressedClassPointers               = true                                 {lp64_product} {ergonomic}
     bool UseCompressedOops                        = true                                 {lp64_product} {ergonomic}
     bool UseG1GC                                  = true                                      {product} {ergonomic}
     bool UseLargePagesIndividualAllocation        = false                                  {pd product} {ergonomic}

Logging:
Log output configuration:
 #0: stdout all=warning uptime,level,tags
 #1: stderr all=off uptime,level,tags

Environment Variables:
JAVA_HOME=C:\Program Files\Amazon Corretto\jdk11.0.8_10
PATH=C:\Program Files\AdoptOpenJDK\jdk-11.0.8.10-hotspot\bin;C:\Program Files\Amazon Corretto\jdk11.0.8_10\bin;C:\windows\system32;C:\windows;C:\windows\System32\Wbem;C:\windows\System32\WindowsPowerShell\v1.0\;C:\windows\System32\OpenSSH\;C:\Program Files (x86)\NVIDIA Corporation\PhysX\Common;C:\Program Files\NVIDIA Corporation\NVIDIA NvDLISR;C:\Program Files\dotnet\;C:\Program Files\Microsoft SQL Server\130\Tools\Binn\;C:\Program Files\Microsoft SQL Server\Client SDK\ODBC\170\Tools\Binn\;C:\Program Files (x86)\Microsoft SQL Server\150\DTS\Binn\;C:\Program Files\Microsoft SQL Server\Client SDK\ODBC\130\Tools\Binn\;C:\Program Files (x86)\Microsoft SQL Server\140\Tools\Binn\;C:\Program Files\Microsoft SQL Server\140\Tools\Binn\;C:\Program Files\Microsoft SQL Server\140\DTS\Binn\;C:\WINDOWS\system32;C:\WINDOWS;C:\WINDOWS\System32\Wbem;C:\WINDOWS\System32\WindowsPowerShell\v1.0\;C:\WINDOWS\System32\OpenSSH\;C:\Program Files\SourceGear\Common\DiffMerge\;C:\Program Files\nodejs\;C:\Program Files\Git\cmd;C:\Program Files\Docker\Docker\resources\bin;C:\ProgramData\DockerDesktop\version-bin;C:\PHP;C:\ProgramData\ComposerSetup\bin;C:\Users\31683\AppData\Local\Microsoft\WindowsApps;C:\Users\31683\AppData\Local\GitHubDesktop\bin;C:\Users\31683\AppData\Local\Microsoft\WindowsApps;C:\Program Files\MongoDB\Server\4.4\bin;C:\Users\31683\Desktop\Intellij\IntelliJ IDEA 2020.2.2\bin;;C:\Users\31683\AppData\Roaming\npm;C:\PHP;C:\Users\31683\AppData\Roaming\Composer\vendor\bin
USERNAME=31683
OS=Windows_NT
PROCESSOR_IDENTIFIER=Intel64 Family 6 Model 158 Stepping 10, GenuineIntel



---------------  S Y S T E M  ---------------

OS: Windows 10 , 64 bit Build 19041 (10.0.19041.1023)
OS uptime: 0 days 15:48 hours
HyperV virtualization detected

CPU:total 12 (initial active 12) (6 cores per cpu, 2 threads per core) family 6 model 158 stepping 10, cmov, cx8, fxsr, mmx, sse, sse2, sse3, ssse3, sse4.1, sse4.2, popcnt, avx, avx2, aes, clmul, erms, 3dnowpref, lzcnt, ht, tsc, tscinvbit, bmi1, bmi2, adx, fma

Memory: 4k page, system-wide physical 16224M (6753M free)
TotalPageFile size 19808M (AvailPageFile size 5374M)
current process WorkingSet (physical memory assigned to process): 274M, peak: 345M
current process commit charge ("private bytes"): 457M, peak: 518M

vm_info: OpenJDK 64-Bit Server VM (11.0.8+10) for windows-amd64 JRE (11.0.8+10), built on Jul 15 2020 11:45:54 by "" with MS VC++ 15.9 (VS2017)

END.
